<?xml version="1.0" encoding="UTF-8"?>
<!-- Generated by org.testng.reporters.JUnitReportReporter -->
<testsuite hostname="BG3NB075" failures="0" tests="2" name="First_TESTNG.First_TESTNG" time="0.040" errors="0" timestamp="2024-06-13T12:05:36 IST" skipped="0">
  <testcase classname="First_TESTNG.First_TESTNG" name="LogOutTest" time="0.037"/>
  <system-out/>
  <testcase classname="First_TESTNG.First_TESTNG" name="LoginTest" time="0.003"/>
  <system-out/>
</testsuite> <!-- First_TESTNG.First_TESTNG -->
