<?xml version="1.0" encoding="UTF-8"?>
<!-- Generated by org.testng.reporters.JUnitReportReporter -->
<testsuite hostname="BG3NB075" failures="0" tests="1" name="demo123" time="22.411" errors="0" timestamp="2024-06-14T16:04:57 IST" skipped="0">
  <testcase classname="demo123" name="TitleTest" time="22.411"/>
  <system-out/>
</testsuite> <!-- demo123 -->
