<?xml version="1.0" encoding="UTF-8"?>
<!-- Generated by org.testng.reporters.JUnitReportReporter -->
<testsuite hostname="BG3NB075" failures="0" tests="2" name="Annotations.BeforeAndAfterMethod" time="0.046" errors="0" timestamp="2024-06-14T12:47:49 IST" skipped="0">
  <testcase classname="Annotations.BeforeAndAfterMethod" name="LogOutTest" time="0.023"/>
  <system-out/>
  <testcase classname="Annotations.BeforeAndAfterMethod" name="LoginTest" time="0.023"/>
  <system-out/>
</testsuite> <!-- Annotations.BeforeAndAfterMethod -->
