<?xml version="1.0" encoding="UTF-8"?>
<!-- Generated by org.testng.reporters.JUnitReportReporter -->
<testsuite hostname="BG3NB075" failures="0" tests="1" name="Parameterization.Parameter" time="12.951" errors="0" timestamp="2024-06-25T15:48:35 IST" skipped="0">
  <testcase classname="Parameterization.Parameter" name="login" time="12.951"/>
  <system-out/>
</testsuite> <!-- Parameterization.Parameter -->
