<?xml version="1.0" encoding="UTF-8"?>
<!-- Generated by org.testng.reporters.JUnitReportReporter -->
<testsuite hostname="BG3NB075" failures="0" tests="1" name="Parameterization.First_Dem" time="9.103" errors="0" timestamp="2024-06-25T15:44:47 IST" skipped="0">
  <testcase classname="Parameterization.First_Dem" name="OpenURL" time="9.103"/>
  <system-out/>
</testsuite> <!-- Parameterization.First_Dem -->
