<?xml version="1.0" encoding="UTF-8"?>
<!-- Generated by org.testng.reporters.JUnitReportReporter -->
<testsuite hostname="BG3NB075" failures="0" tests="3" name="Annotations.BeforeAndAfterClass" time="0.040" errors="0" timestamp="2024-06-13T15:40:48 IST" skipped="0">
  <testcase classname="Annotations.BeforeAndAfterClass" name="LogOutTest" time="0.005"/>
  <system-out/>
  <testcase classname="Annotations.BeforeAndAfterClass" name="CloseTest" time="0.030"/>
  <system-out/>
  <testcase classname="Annotations.BeforeAndAfterClass" name="LoginTest" time="0.005"/>
  <system-out/>
</testsuite> <!-- Annotations.BeforeAndAfterClass -->
