<?xml version="1.0" encoding="UTF-8"?>
<!-- Generated by org.testng.reporters.JUnitReportReporter -->
<testsuite hostname="BG3NB075" failures="0" tests="3" name="Annotation_Method.SecondClass" time="0.074" errors="0" timestamp="2024-06-24T14:03:21 IST" skipped="0">
  <testcase classname="Annotation_Method.SecondClass" name="LoginTest" time="0.037"/>
  <system-out/>
  <testcase classname="Annotation_Method.SecondClass" name="Logout" time="0.010"/>
  <system-out/>
  <testcase classname="Annotation_Method.SecondClass" name="Enterdata" time="0.027"/>
  <system-out/>
</testsuite> <!-- Annotation_Method.SecondClass -->
