<?xml version="1.0" encoding="UTF-8"?>
<!-- Generated by org.testng.reporters.JUnitReportReporter -->
<testsuite hostname="BG3NB075" failures="0" tests="1" name="DataProvider.DataProviderXML" time="8.164" errors="0" timestamp="2024-06-14T17:33:42 IST" skipped="0">
  <testcase classname="DataProvider.DataProviderXML" name="test" time="8.164"/>
  <system-out/>
</testsuite> <!-- DataProvider.DataProviderXML -->
