<?xml version="1.0" encoding="UTF-8"?>
<!-- Generated by org.testng.reporters.JUnitReportReporter -->
<testsuite hostname="BG3NB075" failures="0" tests="2" name="Annotations.BeforeTestAndAfterTest" time="0.034" errors="0" timestamp="2024-06-14T12:47:35 IST" skipped="0">
  <testcase classname="Annotations.BeforeTestAndAfterTest" name="LogOutTest" time="0.028"/>
  <system-out/>
  <testcase classname="Annotations.BeforeTestAndAfterTest" name="LoginTest" time="0.006"/>
  <system-out/>
</testsuite> <!-- Annotations.BeforeTestAndAfterTest -->
