<?xml version="1.0" encoding="UTF-8"?>
<!-- Generated by org.testng.reporters.JUnitReportReporter -->
<testsuite hostname="BG3NB075" failures="0" tests="2" name="DataProvider.DataProviderDemo" time="0.046" errors="0" timestamp="2024-06-14T17:03:47 IST" skipped="0">
  <testcase classname="DataProvider.DataProviderDemo" name="set1" time="0.041"/>
  <system-out/>
  <testcase classname="DataProvider.DataProviderDemo" name="set1" time="0.005"/>
  <system-out/>
</testsuite> <!-- DataProvider.DataProviderDemo -->
