<?xml version="1.0" encoding="UTF-8"?>
<!-- Generated by org.testng.reporters.JUnitReportReporter -->
<testsuite hostname="BG3NB075" failures="0" tests="1" name="Annotation_Class.FirstClass" time="0.024" errors="0" timestamp="2024-06-24T16:25:40 IST" skipped="0">
  <testcase classname="Annotation_Class.FirstClass" name="LoginTest" time="0.024"/>
  <system-out/>
</testsuite> <!-- Annotation_Class.FirstClass -->
