<?xml version="1.0" encoding="UTF-8"?>
<!-- Generated by org.testng.reporters.JUnitReportReporter -->
<testsuite hostname="BG3NB075" failures="0" tests="3" name="Annotations.BeforeTestAndAfterTest" time="0.031" errors="0" timestamp="2024-06-13T15:17:48 IST" skipped="0">
  <testcase classname="Annotations.BeforeTestAndAfterTest" name="LogOutTest" time="0.004"/>
  <system-out/>
  <testcase classname="Annotations.BeforeTestAndAfterTest" name="LoginTest" time="0.003"/>
  <system-out/>
  <testcase classname="Annotations.BeforeTestAndAfterTest" name="CloseTest" time="0.024"/>
  <system-out/>
</testsuite> <!-- Annotations.BeforeTestAndAfterTest -->
