<?xml version="1.0" encoding="UTF-8"?>
<!-- Generated by org.testng.reporters.JUnitReportReporter -->
<testsuite hostname="BG3NB075" failures="0" tests="2" name="Annotation_Test.SecondClass" time="0.025" errors="0" timestamp="2024-06-14T13:56:32 IST" skipped="0">
  <testcase classname="Annotation_Test.SecondClass" name="LoginTest" time="0.022"/>
  <system-out/>
  <testcase classname="Annotation_Test.SecondClass" name="LoginTest1" time="0.003"/>
  <system-out/>
</testsuite> <!-- Annotation_Test.SecondClass -->
