<?xml version="1.0" encoding="UTF-8"?>
<!-- Generated by org.testng.reporters.JUnitReportReporter -->
<testsuite hostname="BG3NB075" failures="0" tests="2" name="Annotations.BeforeAndAfterClass" time="0.041" errors="0" timestamp="2024-06-14T13:16:33 IST" skipped="0">
  <testcase classname="Annotations.BeforeAndAfterClass" name="LoginTest" time="0.008"/>
  <system-out/>
  <testcase classname="Annotations.BeforeAndAfterClass" name="LogOutTest" time="0.033"/>
  <system-out/>
</testsuite> <!-- Annotations.BeforeAndAfterClass -->
