<?xml version="1.0" encoding="UTF-8"?>
<!-- Generated by org.testng.reporters.JUnitReportReporter -->
<testsuite hostname="BG3NB075" failures="0" tests="1" name="Assertion.Assertion_Sel" time="17.822" errors="0" timestamp="2024-06-13T15:53:38 IST" skipped="0">
  <testcase classname="Assertion.Assertion_Sel" name="VerifyTitlet" time="17.822"/>
  <system-out/>
</testsuite> <!-- Assertion.Assertion_Sel -->
