<?xml version="1.0" encoding="UTF-8"?>
<!-- Generated by org.testng.reporters.JUnitReportReporter -->
<testsuite hostname="BG3NB075" failures="0" tests="3" name="Skip_TC.TestCaseSkip" time="0.045" errors="0" timestamp="2024-06-14T12:19:48 IST" skipped="2">
  <testcase classname="Skip_TC.TestCaseSkip" name="SkipTestTwo" time="0.040">
    <skipped/>
  </testcase> <!-- SkipTestTwo -->
  <system-out/>
  <testcase classname="Skip_TC.TestCaseSkip" name="Third" time="0.005"/>
  <system-out/>
  <testcase classname="Skip_TC.TestCaseSkip" name="SkipTestOne">
    <skipped/>
  </testcase> <!-- SkipTestOne -->
  <system-out/>
</testsuite> <!-- Skip_TC.TestCaseSkip -->
