<?xml version="1.0" encoding="UTF-8"?>
<!-- Generated by org.testng.reporters.JUnitReportReporter -->
<testsuite hostname="BG3NB075" failures="0" tests="1" name="Annotations.BeforeAndAfterGroup" time="0.042" errors="0" timestamp="2024-06-14T12:53:39 IST" skipped="0">
  <testcase classname="Annotations.BeforeAndAfterGroup" name="LogOutTest" time="0.042"/>
  <system-out/>
</testsuite> <!-- Annotations.BeforeAndAfterGroup -->
