<?xml version="1.0" encoding="UTF-8"?>
<!-- Generated by org.testng.reporters.JUnitReportReporter -->
<testsuite hostname="BG3NB075" failures="0" tests="2" name="Annotation_Suite.SecondClassSuite" time="0.028" errors="0" timestamp="2024-06-14T15:26:28 IST" skipped="0">
  <testcase classname="Annotation_Suite.SecondClassSuite" name="LoginTest1" time="0.018"/>
  <system-out/>
  <testcase classname="Annotation_Suite.SecondClassSuite" name="LoginTest" time="0.010"/>
  <system-out/>
</testsuite> <!-- Annotation_Suite.SecondClassSuite -->
