<?xml version="1.0" encoding="UTF-8"?>
<!-- Generated by org.testng.reporters.JUnitReportReporter -->
<testsuite hostname="BG3NB075" failures="0" tests="1" name="Annotation_Method.FirstClass" time="0.008" errors="0" timestamp="2024-06-24T14:03:21 IST" skipped="0">
  <testcase classname="Annotation_Method.FirstClass" name="LoginTest" time="0.008"/>
  <system-out/>
</testsuite> <!-- Annotation_Method.FirstClass -->
