<?xml version="1.0" encoding="UTF-8"?>
<!-- Generated by org.testng.reporters.JUnitReportReporter -->
<testsuite hostname="BG3NB075" failures="0" tests="2" name="Parallel_Execution.Parallel_classFile" time="0.246" errors="0" timestamp="2024-06-13T17:35:35 IST" skipped="0">
  <testcase classname="Parallel_Execution.Parallel_classFile" name="SecondTC" time="0.123"/>
  <system-out/>
  <testcase classname="Parallel_Execution.Parallel_classFile" name="FirstTC" time="0.123"/>
  <system-out/>
</testsuite> <!-- Parallel_Execution.Parallel_classFile -->
