<?xml version="1.0" encoding="UTF-8"?>
<!-- Generated by org.testng.reporters.JUnitReportReporter -->
<testsuite hostname="BG3NB075" failures="0" tests="2" name="Annotation_Class.SecondClass" time="0.017" errors="0" timestamp="2024-06-14T13:57:12 IST" skipped="0">
  <testcase classname="Annotation_Class.SecondClass" name="LoginTest" time="0.013"/>
  <system-out/>
  <testcase classname="Annotation_Class.SecondClass" name="LoginTest1" time="0.004"/>
  <system-out/>
</testsuite> <!-- Annotation_Class.SecondClass -->
