<?xml version="1.0" encoding="UTF-8"?>
<!-- Generated by org.testng.reporters.JUnitReportReporter -->
<testsuite hostname="BG3NB075" failures="0" tests="2" name="Annotation_Method.SecondClass" time="0.049" errors="0" timestamp="2024-06-14T13:55:14 IST" skipped="0">
  <testcase classname="Annotation_Method.SecondClass" name="LoginTest" time="0.025"/>
  <system-out/>
  <testcase classname="Annotation_Method.SecondClass" name="LoginTest1" time="0.024"/>
  <system-out/>
</testsuite> <!-- Annotation_Method.SecondClass -->
