<?xml version="1.0" encoding="UTF-8"?>
<!-- Generated by org.testng.reporters.JUnitReportReporter -->
<testsuite hostname="BG3NB075" failures="0" tests="3" name="Group_Execution.Group_Execution" time="0.060" errors="0" timestamp="2024-06-13T17:00:00 IST" skipped="0">
  <testcase classname="Group_Execution.Group_Execution" name="ThirdTC" time="0.047"/>
  <system-out/>
  <testcase classname="Group_Execution.Group_Execution" name="SecondTC" time="0.007"/>
  <system-out/>
  <testcase classname="Group_Execution.Group_Execution" name="FirstTC" time="0.006"/>
  <system-out/>
</testsuite> <!-- Group_Execution.Group_Execution -->
