<?xml version="1.0" encoding="UTF-8"?>
<!-- Generated by org.testng.reporters.JUnitReportReporter -->
<testsuite hostname="BG3NB075" failures="0" tests="1" name="Annotation_Class.FirstClass" time="0.023" errors="0" timestamp="2024-06-14T13:57:12 IST" skipped="0">
  <testcase classname="Annotation_Class.FirstClass" name="LoginTest" time="0.023"/>
  <system-out/>
</testsuite> <!-- Annotation_Class.FirstClass -->
